<?xml version="1.0" encoding="UTF-8"?>
<testsuite xmlns:xsi="http://www.w3.org/2001/XMLSchema-instance" xsi:noNamespaceSchemaLocation="https://maven.apache.org/surefire/maven-surefire-plugin/xsd/surefire-test-report.xsd" name="RadioTest" time="0.235" tests="8" errors="0" skipped="0" failures="0">
  <properties>
[...]
</properties>
  <testcase name="zeroVolumeTest" classname="RadioTest" time="0.137"/>
  <testcase name="nextStation" classname="RadioTest" time="0"/>
  <testcase name="minusVolumeTest" classname="RadioTest" time="0.002"/>
  <testcase name="plusVolumeTest" classname="RadioTest" time="0.001"/>
  <testcase name="hundredVolumeTest" classname="RadioTest" time="0.002"/>
  <testcase name="prevStation" classname="RadioTest" time="0.002"/>
  <testcase name="maxToZeroStation" classname="RadioTest" time="0.001"/>
  <testcase name="zeroToMaxStation" classname="RadioTest" time="0.002"/>
</testsuite>